# JRE version: Java(TM) SE Runtime Environment (8.0_45-b15) (build 1.8.0_45-b15)
# Java VM: Java HotSpot(TM) 64-Bit Server VM (25.45-b02 mixed mode windows-amd64 compressed oops)
Heap:
 PSYoungGen      total 264192K, used 19995K [0x000000076b400000, 0x000000077cb00000, 0x00000007c0000000)
  eden space 242688K, 8% used [0x000000076b400000,0x000000076c786c48,0x000000077a100000)
  from space 21504K, 0% used [0x000000077b600000,0x000000077b600000,0x000000077cb00000)
  to   space 21504K, 0% used [0x000000077a100000,0x000000077a100000,0x000000077b600000)
 ParOldGen       total 224768K, used 29149K [0x00000006c1c00000, 0x00000006cf780000, 0x000000076b400000)
  object space 224768K, 12% used [0x00000006c1c00000,0x00000006c38774e8,0x00000006cf780000)
 Metaspace       used 73579K, capacity 77198K, committed 77464K, reserved 1116160K
  class space    used 10052K, capacity 10642K, committed 10656K, reserved 1048576K
GC Heap History (10 events):
Event: 16.646 GC heap before
{Heap before GC invocations=12 (full 2):
 PSYoungGen      total 169984K, used 150646K [0x000000076b400000, 0x0000000779c80000, 0x00000007c0000000)
  eden space 157184K, 88% used [0x000000076b400000,0x0000000773c3fb18,0x0000000774d80000)
  from space 12800K, 86% used [0x0000000774d80000,0x000000077585dfa0,0x0000000775a00000)
  to   space 13824K, 0% used [0x0000000778f00000,0x0000000778f00000,0x0000000779c80000)
 ParOldGen       total 150016K, used 14602K [0x00000006c1c00000, 0x00000006cae80000, 0x000000076b400000)
  object space 150016K, 9% used [0x00000006c1c00000,0x00000006c2a429f0,0x00000006cae80000)
 Metaspace       used 56508K, capacity 59044K, committed 59160K, reserved 1099776K
  class space    used 7675K, capacity 8145K, committed 8224K, reserved 1048576K
Event: 16.686 GC heap after
Heap after GC invocations=12 (full 2):
 PSYoungGen      total 219136K, used 13821K [0x000000076b400000, 0x000000077aa00000, 0x00000007c0000000)
  eden space 205312K, 0% used [0x000000076b400000,0x000000076b400000,0x0000000777c80000)
  from space 13824K, 99% used [0x0000000778f00000,0x0000000779c7f750,0x0000000779c80000)
  to   space 18944K, 0% used [0x0000000777c80000,0x0000000777c80000,0x0000000778f00000)
 ParOldGen       total 150016K, used 23859K [0x00000006c1c00000, 0x00000006cae80000, 0x000000076b400000)
  object space 150016K, 15% used [0x00000006c1c00000,0x00000006c334cc98,0x00000006cae80000)
 Metaspace       used 56508K, capacity 59044K, committed 59160K, reserved 1099776K
  class space    used 7675K, capacity 8145K, committed 8224K, reserved 1048576K
}
Event: 16.686 GC heap before
{Heap before GC invocations=13 (full 3):
 PSYoungGen      total 219136K, used 13821K [0x000000076b400000, 0x000000077aa00000, 0x00000007c0000000)
  eden space 205312K, 0% used [0x000000076b400000,0x000000076b400000,0x0000000777c80000)
  from space 13824K, 99% used [0x0000000778f00000,0x0000000779c7f750,0x0000000779c80000)
  to   space 18944K, 0% used [0x0000000777c80000,0x0000000777c80000,0x0000000778f00000)
 ParOldGen       total 150016K, used 23859K [0x00000006c1c00000, 0x00000006cae80000, 0x000000076b400000)
  object space 150016K, 15% used [0x00000006c1c00000,0x00000006c334cc98,0x00000006cae80000)
 Metaspace       used 56508K, capacity 59044K, committed 59160K, reserved 1099776K
  class space    used 7675K, capacity 8145K, committed 8224K, reserved 1048576K
Event: 16.880 GC heap after
Heap after GC invocations=13 (full 3):
 PSYoungGen      total 219136K, used 0K [0x000000076b400000, 0x000000077aa00000, 0x00000007c0000000)
  eden space 205312K, 0% used [0x000000076b400000,0x000000076b400000,0x0000000777c80000)
  from space 13824K, 0% used [0x0000000778f00000,0x0000000778f00000,0x0000000779c80000)
  to   space 18944K, 0% used [0x0000000777c80000,0x0000000777c80000,0x0000000778f00000)
 ParOldGen       total 224768K, used 33686K [0x00000006c1c00000, 0x00000006cf780000, 0x000000076b400000)
  object space 224768K, 14% used [0x00000006c1c00000,0x00000006c3ce5be0,0x00000006cf780000)
 Metaspace       used 56508K, capacity 59044K, committed 59160K, reserved 1099776K
  class space    used 7675K, capacity 8145K, committed 8224K, reserved 1048576K
}
Event: 50.128 GC heap before
{Heap before GC invocations=14 (full 3):
 PSYoungGen      total 219136K, used 205312K [0x000000076b400000, 0x000000077aa00000, 0x00000007c0000000)
  eden space 205312K, 100% used [0x000000076b400000,0x0000000777c80000,0x0000000777c80000)
  from space 13824K, 0% used [0x0000000778f00000,0x0000000778f00000,0x0000000779c80000)
  to   space 18944K, 0% used [0x0000000777c80000,0x0000000777c80000,0x0000000778f00000)
 ParOldGen       total 224768K, used 33686K [0x00000006c1c00000, 0x00000006cf780000, 0x000000076b400000)
  object space 224768K, 14% used [0x00000006c1c00000,0x00000006c3ce5be0,0x00000006cf780000)
 Metaspace       used 71672K, capacity 75100K, committed 75160K, reserved 1114112K
  class space    used 9808K, capacity 10375K, committed 10400K, reserved 1048576K
Event: 50.149 GC heap after
Heap after GC invocations=14 (full 3):
 PSYoungGen      total 224256K, used 18913K [0x000000076b400000, 0x000000077cb00000, 0x00000007c0000000)
  eden space 205312K, 0% used [0x000000076b400000,0x000000076b400000,0x0000000777c80000)
  from space 18944K, 99% used [0x0000000777c80000,0x0000000778ef8780,0x0000000778f00000)
  to   space 21504K, 0% used [0x000000077b600000,0x000000077b600000,0x000000077cb00000)
 ParOldGen       total 224768K, used 33976K [0x00000006c1c00000, 0x00000006cf780000, 0x000000076b400000)
  object space 224768K, 15% used [0x00000006c1c00000,0x00000006c3d2e0b8,0x00000006cf780000)
 Metaspace       used 71672K, capacity 75100K, committed 75160K, reserved 1114112K
  class space    used 9808K, capacity 10375K, committed 10400K, reserved 1048576K
}
Event: 278.144 GC heap before
{Heap before GC invocations=15 (full 3):
 PSYoungGen      total 224256K, used 97057K [0x000000076b400000, 0x000000077cb00000, 0x00000007c0000000)
  eden space 205312K, 38% used [0x000000076b400000,0x0000000770050038,0x0000000777c80000)
  from space 18944K, 99% used [0x0000000777c80000,0x0000000778ef8780,0x0000000778f00000)
  to   space 21504K, 0% used [0x000000077b600000,0x000000077b600000,0x000000077cb00000)
 ParOldGen       total 224768K, used 33976K [0x00000006c1c00000, 0x00000006cf780000, 0x000000076b400000)
  object space 224768K, 15% used [0x00000006c1c00000,0x00000006c3d2e0b8,0x00000006cf780000)
 Metaspace       used 73548K, capacity 77122K, committed 77208K, reserved 1116160K
  class space    used 10050K, capacity 10639K, committed 10656K, reserved 1048576K
Event: 278.159 GC heap after
Heap after GC invocations=15 (full 3):
 PSYoungGen      total 264192K, used 2283K [0x000000076b400000, 0x000000077cb00000, 0x00000007c0000000)
  eden space 242688K, 0% used [0x000000076b400000,0x000000076b400000,0x000000077a100000)
  from space 21504K, 10% used [0x000000077b600000,0x000000077b83ad60,0x000000077cb00000)
  to   space 21504K, 0% used [0x000000077a100000,0x000000077a100000,0x000000077b600000)
 ParOldGen       total 224768K, used 41058K [0x00000006c1c00000, 0x00000006cf780000, 0x000000076b400000)
  object space 224768K, 18% used [0x00000006c1c00000,0x00000006c44189f0,0x00000006cf780000)
 Metaspace       used 73548K, capacity 77122K, committed 77208K, reserved 1116160K
  class space    used 10050K, capacity 10639K, committed 10656K, reserved 1048576K
}
Event: 278.159 GC heap before
{Heap before GC invocations=16 (full 4):
 PSYoungGen      total 264192K, used 2283K [0x000000076b400000, 0x000000077cb00000, 0x00000007c0000000)
  eden space 242688K, 0% used [0x000000076b400000,0x000000076b400000,0x000000077a100000)
  from space 21504K, 10% used [0x000000077b600000,0x000000077b83ad60,0x000000077cb00000)
  to   space 21504K, 0% used [0x000000077a100000,0x000000077a100000,0x000000077b600000)
 ParOldGen       total 224768K, used 41058K [0x00000006c1c00000, 0x00000006cf780000, 0x000000076b400000)
  object space 224768K, 18% used [0x00000006c1c00000,0x00000006c44189f0,0x00000006cf780000)
 Metaspace       used 73548K, capacity 77122K, committed 77208K, reserved 1116160K
  class space    used 10050K, capacity 10639K, committed 10656K, reserved 1048576K
Event: 278.382 GC heap after
Heap after GC invocations=16 (full 4):
 PSYoungGen      total 264192K, used 0K [0x000000076b400000, 0x000000077cb00000, 0x00000007c0000000)
  eden space 242688K, 0% used [0x000000076b400000,0x000000076b400000,0x000000077a100000)
  from space 21504K, 0% used [0x000000077b600000,0x000000077b600000,0x000000077cb00000)
  to   space 21504K, 0% used [0x000000077a100000,0x000000077a100000,0x000000077b600000)
 ParOldGen       total 224768K, used 29149K [0x00000006c1c00000, 0x00000006cf780000, 0x000000076b400000)
  object space 224768K, 12% used [0x00000006c1c00000,0x00000006c38774e8,0x00000006cf780000)
 Metaspace       used 73548K, capacity 77122K, committed 77208K, reserved 1116160K
  class space    used 10050K, capacity 10639K, committed 10656K, reserved 1048576K
}

